..\..\Bin\win32_vs2010_anarchy\debug_dll\DX9\GamePlugin.ilk
..\..\Bin\win32_vs2010_anarchy\debug_dll\DX9\GamePlugin.pdb
C:\USERS\KATIE\KATIEOSULLIVANFYP\WINDOWSDEMO\PROJECT_TEMPLATE_ANARCHY\BIN\WIN32_VS2010_ANARCHY\DEBUG_DLL\DX9\GAMEPLUGIN.ILK
C:\USERS\KATIE\KATIEOSULLIVANFYP\WINDOWSDEMO\PROJECT_TEMPLATE_ANARCHY\BIN\WIN32_VS2010_ANARCHY\DEBUG_DLL\DX9\GAMEPLUGIN.PDB
C:\USERS\KATIE\KATIEOSULLIVANFYP\WINDOWSDEMO\PROJECT_TEMPLATE_ANARCHY\BIN\WIN32_VS2010_ANARCHY\DEBUG_DLL\DX9\GAMEPLUGIN.VPLUGIND
C:\Users\Katie\KatieOSullivanFYP\WindowsDemo\Project_Template_Anarchy\Lib\win32_vs2010_anarchy\debug_dll\GamePlugin.exp
C:\Users\Katie\KatieOSullivanFYP\WindowsDemo\Project_Template_Anarchy\Lib\win32_vs2010_anarchy\debug_dll\GamePlugin.lib
C:\USERS\KATIE\KATIEOSULLIVANFYP\WINDOWSDEMO\PROJECT_TEMPLATE_ANARCHY\OBJ\WIN32_VS2010_ANARCHY\DEBUG_DLL\DX9\GAMEPLUGIN\BASEENTITY.OBJ
C:\Users\Katie\KatieOSullivanFYP\WindowsDemo\Project_Template_Anarchy\Obj\win32_vs2010_anarchy\debug_dll\DX9\GamePlugin\CL.10616.read.1.tlog
C:\Users\Katie\KatieOSullivanFYP\WindowsDemo\Project_Template_Anarchy\Obj\win32_vs2010_anarchy\debug_dll\DX9\GamePlugin\CL.10616.write.1.tlog
C:\Users\Katie\KatieOSullivanFYP\WindowsDemo\Project_Template_Anarchy\Obj\win32_vs2010_anarchy\debug_dll\DX9\GamePlugin\CL.11080.read.1.tlog
C:\Users\Katie\KatieOSullivanFYP\WindowsDemo\Project_Template_Anarchy\Obj\win32_vs2010_anarchy\debug_dll\DX9\GamePlugin\CL.11080.write.1.tlog
C:\Users\Katie\KatieOSullivanFYP\WindowsDemo\Project_Template_Anarchy\Obj\win32_vs2010_anarchy\debug_dll\DX9\GamePlugin\CL.14256.read.1.tlog
C:\Users\Katie\KatieOSullivanFYP\WindowsDemo\Project_Template_Anarchy\Obj\win32_vs2010_anarchy\debug_dll\DX9\GamePlugin\CL.14256.write.1.tlog
C:\Users\Katie\KatieOSullivanFYP\WindowsDemo\Project_Template_Anarchy\Obj\win32_vs2010_anarchy\debug_dll\DX9\GamePlugin\CL.14708.read.1.tlog
C:\Users\Katie\KatieOSullivanFYP\WindowsDemo\Project_Template_Anarchy\Obj\win32_vs2010_anarchy\debug_dll\DX9\GamePlugin\CL.14708.write.1.tlog
C:\Users\Katie\KatieOSullivanFYP\WindowsDemo\Project_Template_Anarchy\Obj\win32_vs2010_anarchy\debug_dll\DX9\GamePlugin\CL.16032.read.1.tlog
C:\Users\Katie\KatieOSullivanFYP\WindowsDemo\Project_Template_Anarchy\Obj\win32_vs2010_anarchy\debug_dll\DX9\GamePlugin\CL.16032.write.1.tlog
C:\Users\Katie\KatieOSullivanFYP\WindowsDemo\Project_Template_Anarchy\Obj\win32_vs2010_anarchy\debug_dll\DX9\GamePlugin\CL.16428.read.1.tlog
C:\Users\Katie\KatieOSullivanFYP\WindowsDemo\Project_Template_Anarchy\Obj\win32_vs2010_anarchy\debug_dll\DX9\GamePlugin\CL.16428.write.1.tlog
C:\Users\Katie\KatieOSullivanFYP\WindowsDemo\Project_Template_Anarchy\Obj\win32_vs2010_anarchy\debug_dll\DX9\GamePlugin\CL.16692.read.1.tlog
C:\Users\Katie\KatieOSullivanFYP\WindowsDemo\Project_Template_Anarchy\Obj\win32_vs2010_anarchy\debug_dll\DX9\GamePlugin\CL.16692.write.1.tlog
C:\Users\Katie\KatieOSullivanFYP\WindowsDemo\Project_Template_Anarchy\Obj\win32_vs2010_anarchy\debug_dll\DX9\GamePlugin\CL.16732.read.1.tlog
C:\Users\Katie\KatieOSullivanFYP\WindowsDemo\Project_Template_Anarchy\Obj\win32_vs2010_anarchy\debug_dll\DX9\GamePlugin\CL.16732.write.1.tlog
C:\Users\Katie\KatieOSullivanFYP\WindowsDemo\Project_Template_Anarchy\Obj\win32_vs2010_anarchy\debug_dll\DX9\GamePlugin\CL.16980.read.1.tlog
C:\Users\Katie\KatieOSullivanFYP\WindowsDemo\Project_Template_Anarchy\Obj\win32_vs2010_anarchy\debug_dll\DX9\GamePlugin\CL.16980.write.1.tlog
C:\Users\Katie\KatieOSullivanFYP\WindowsDemo\Project_Template_Anarchy\Obj\win32_vs2010_anarchy\debug_dll\DX9\GamePlugin\CL.17048.read.1.tlog
C:\Users\Katie\KatieOSullivanFYP\WindowsDemo\Project_Template_Anarchy\Obj\win32_vs2010_anarchy\debug_dll\DX9\GamePlugin\CL.17048.write.1.tlog
C:\Users\Katie\KatieOSullivanFYP\WindowsDemo\Project_Template_Anarchy\Obj\win32_vs2010_anarchy\debug_dll\DX9\GamePlugin\CL.17252.read.1.tlog
C:\Users\Katie\KatieOSullivanFYP\WindowsDemo\Project_Template_Anarchy\Obj\win32_vs2010_anarchy\debug_dll\DX9\GamePlugin\CL.17252.write.1.tlog
C:\Users\Katie\KatieOSullivanFYP\WindowsDemo\Project_Template_Anarchy\Obj\win32_vs2010_anarchy\debug_dll\DX9\GamePlugin\CL.17328.read.1.tlog
C:\Users\Katie\KatieOSullivanFYP\WindowsDemo\Project_Template_Anarchy\Obj\win32_vs2010_anarchy\debug_dll\DX9\GamePlugin\CL.17328.write.1.tlog
C:\Users\Katie\KatieOSullivanFYP\WindowsDemo\Project_Template_Anarchy\Obj\win32_vs2010_anarchy\debug_dll\DX9\GamePlugin\CL.17336.read.1.tlog
C:\Users\Katie\KatieOSullivanFYP\WindowsDemo\Project_Template_Anarchy\Obj\win32_vs2010_anarchy\debug_dll\DX9\GamePlugin\CL.17336.write.1.tlog
C:\Users\Katie\KatieOSullivanFYP\WindowsDemo\Project_Template_Anarchy\Obj\win32_vs2010_anarchy\debug_dll\DX9\GamePlugin\CL.17368.read.1.tlog
C:\Users\Katie\KatieOSullivanFYP\WindowsDemo\Project_Template_Anarchy\Obj\win32_vs2010_anarchy\debug_dll\DX9\GamePlugin\CL.17368.write.1.tlog
C:\Users\Katie\KatieOSullivanFYP\WindowsDemo\Project_Template_Anarchy\Obj\win32_vs2010_anarchy\debug_dll\DX9\GamePlugin\CL.17440.read.1.tlog
C:\Users\Katie\KatieOSullivanFYP\WindowsDemo\Project_Template_Anarchy\Obj\win32_vs2010_anarchy\debug_dll\DX9\GamePlugin\CL.17440.write.1.tlog
C:\Users\Katie\KatieOSullivanFYP\WindowsDemo\Project_Template_Anarchy\Obj\win32_vs2010_anarchy\debug_dll\DX9\GamePlugin\CL.17484.read.1.tlog
C:\Users\Katie\KatieOSullivanFYP\WindowsDemo\Project_Template_Anarchy\Obj\win32_vs2010_anarchy\debug_dll\DX9\GamePlugin\CL.17484.write.1.tlog
C:\Users\Katie\KatieOSullivanFYP\WindowsDemo\Project_Template_Anarchy\Obj\win32_vs2010_anarchy\debug_dll\DX9\GamePlugin\CL.17528.read.1.tlog
C:\Users\Katie\KatieOSullivanFYP\WindowsDemo\Project_Template_Anarchy\Obj\win32_vs2010_anarchy\debug_dll\DX9\GamePlugin\CL.17528.write.1.tlog
C:\Users\Katie\KatieOSullivanFYP\WindowsDemo\Project_Template_Anarchy\Obj\win32_vs2010_anarchy\debug_dll\DX9\GamePlugin\CL.17576.read.1.tlog
C:\Users\Katie\KatieOSullivanFYP\WindowsDemo\Project_Template_Anarchy\Obj\win32_vs2010_anarchy\debug_dll\DX9\GamePlugin\CL.17576.write.1.tlog
C:\Users\Katie\KatieOSullivanFYP\WindowsDemo\Project_Template_Anarchy\Obj\win32_vs2010_anarchy\debug_dll\DX9\GamePlugin\CL.17596.read.1.tlog
C:\Users\Katie\KatieOSullivanFYP\WindowsDemo\Project_Template_Anarchy\Obj\win32_vs2010_anarchy\debug_dll\DX9\GamePlugin\CL.17596.write.1.tlog
C:\Users\Katie\KatieOSullivanFYP\WindowsDemo\Project_Template_Anarchy\Obj\win32_vs2010_anarchy\debug_dll\DX9\GamePlugin\CL.17876.read.1.tlog
C:\Users\Katie\KatieOSullivanFYP\WindowsDemo\Project_Template_Anarchy\Obj\win32_vs2010_anarchy\debug_dll\DX9\GamePlugin\CL.17876.write.1.tlog
C:\Users\Katie\KatieOSullivanFYP\WindowsDemo\Project_Template_Anarchy\Obj\win32_vs2010_anarchy\debug_dll\DX9\GamePlugin\CL.17940.read.1.tlog
C:\Users\Katie\KatieOSullivanFYP\WindowsDemo\Project_Template_Anarchy\Obj\win32_vs2010_anarchy\debug_dll\DX9\GamePlugin\CL.17940.write.1.tlog
C:\Users\Katie\KatieOSullivanFYP\WindowsDemo\Project_Template_Anarchy\Obj\win32_vs2010_anarchy\debug_dll\DX9\GamePlugin\CL.18096.read.1.tlog
C:\Users\Katie\KatieOSullivanFYP\WindowsDemo\Project_Template_Anarchy\Obj\win32_vs2010_anarchy\debug_dll\DX9\GamePlugin\CL.18096.write.1.tlog
C:\Users\Katie\KatieOSullivanFYP\WindowsDemo\Project_Template_Anarchy\Obj\win32_vs2010_anarchy\debug_dll\DX9\GamePlugin\CL.18144.read.1.tlog
C:\Users\Katie\KatieOSullivanFYP\WindowsDemo\Project_Template_Anarchy\Obj\win32_vs2010_anarchy\debug_dll\DX9\GamePlugin\CL.18144.write.1.tlog
C:\Users\Katie\KatieOSullivanFYP\WindowsDemo\Project_Template_Anarchy\Obj\win32_vs2010_anarchy\debug_dll\DX9\GamePlugin\CL.18216.read.1.tlog
C:\Users\Katie\KatieOSullivanFYP\WindowsDemo\Project_Template_Anarchy\Obj\win32_vs2010_anarchy\debug_dll\DX9\GamePlugin\CL.18216.write.1.tlog
C:\Users\Katie\KatieOSullivanFYP\WindowsDemo\Project_Template_Anarchy\Obj\win32_vs2010_anarchy\debug_dll\DX9\GamePlugin\CL.18228.read.1.tlog
C:\Users\Katie\KatieOSullivanFYP\WindowsDemo\Project_Template_Anarchy\Obj\win32_vs2010_anarchy\debug_dll\DX9\GamePlugin\CL.18228.write.1.tlog
C:\Users\Katie\KatieOSullivanFYP\WindowsDemo\Project_Template_Anarchy\Obj\win32_vs2010_anarchy\debug_dll\DX9\GamePlugin\CL.18272.read.1.tlog
C:\Users\Katie\KatieOSullivanFYP\WindowsDemo\Project_Template_Anarchy\Obj\win32_vs2010_anarchy\debug_dll\DX9\GamePlugin\CL.18272.write.1.tlog
C:\Users\Katie\KatieOSullivanFYP\WindowsDemo\Project_Template_Anarchy\Obj\win32_vs2010_anarchy\debug_dll\DX9\GamePlugin\CL.18280.read.1.tlog
C:\Users\Katie\KatieOSullivanFYP\WindowsDemo\Project_Template_Anarchy\Obj\win32_vs2010_anarchy\debug_dll\DX9\GamePlugin\CL.18280.write.1.tlog
C:\Users\Katie\KatieOSullivanFYP\WindowsDemo\Project_Template_Anarchy\Obj\win32_vs2010_anarchy\debug_dll\DX9\GamePlugin\CL.18348.read.1.tlog
C:\Users\Katie\KatieOSullivanFYP\WindowsDemo\Project_Template_Anarchy\Obj\win32_vs2010_anarchy\debug_dll\DX9\GamePlugin\CL.18348.write.1.tlog
C:\Users\Katie\KatieOSullivanFYP\WindowsDemo\Project_Template_Anarchy\Obj\win32_vs2010_anarchy\debug_dll\DX9\GamePlugin\CL.18368.read.1.tlog
C:\Users\Katie\KatieOSullivanFYP\WindowsDemo\Project_Template_Anarchy\Obj\win32_vs2010_anarchy\debug_dll\DX9\GamePlugin\CL.18368.write.1.tlog
C:\Users\Katie\KatieOSullivanFYP\WindowsDemo\Project_Template_Anarchy\Obj\win32_vs2010_anarchy\debug_dll\DX9\GamePlugin\CL.18488.read.1.tlog
C:\Users\Katie\KatieOSullivanFYP\WindowsDemo\Project_Template_Anarchy\Obj\win32_vs2010_anarchy\debug_dll\DX9\GamePlugin\CL.18488.write.1.tlog
C:\Users\Katie\KatieOSullivanFYP\WindowsDemo\Project_Template_Anarchy\Obj\win32_vs2010_anarchy\debug_dll\DX9\GamePlugin\CL.18500.read.1.tlog
C:\Users\Katie\KatieOSullivanFYP\WindowsDemo\Project_Template_Anarchy\Obj\win32_vs2010_anarchy\debug_dll\DX9\GamePlugin\CL.18500.write.1.tlog
C:\Users\Katie\KatieOSullivanFYP\WindowsDemo\Project_Template_Anarchy\Obj\win32_vs2010_anarchy\debug_dll\DX9\GamePlugin\CL.18552.read.1.tlog
C:\Users\Katie\KatieOSullivanFYP\WindowsDemo\Project_Template_Anarchy\Obj\win32_vs2010_anarchy\debug_dll\DX9\GamePlugin\CL.18552.write.1.tlog
C:\Users\Katie\KatieOSullivanFYP\WindowsDemo\Project_Template_Anarchy\Obj\win32_vs2010_anarchy\debug_dll\DX9\GamePlugin\CL.18632.read.1.tlog
C:\Users\Katie\KatieOSullivanFYP\WindowsDemo\Project_Template_Anarchy\Obj\win32_vs2010_anarchy\debug_dll\DX9\GamePlugin\CL.18632.write.1.tlog
C:\Users\Katie\KatieOSullivanFYP\WindowsDemo\Project_Template_Anarchy\Obj\win32_vs2010_anarchy\debug_dll\DX9\GamePlugin\CL.18692.read.1.tlog
C:\Users\Katie\KatieOSullivanFYP\WindowsDemo\Project_Template_Anarchy\Obj\win32_vs2010_anarchy\debug_dll\DX9\GamePlugin\CL.18692.write.1.tlog
C:\Users\Katie\KatieOSullivanFYP\WindowsDemo\Project_Template_Anarchy\Obj\win32_vs2010_anarchy\debug_dll\DX9\GamePlugin\CL.18732.read.1.tlog
C:\Users\Katie\KatieOSullivanFYP\WindowsDemo\Project_Template_Anarchy\Obj\win32_vs2010_anarchy\debug_dll\DX9\GamePlugin\CL.18732.write.1.tlog
C:\Users\Katie\KatieOSullivanFYP\WindowsDemo\Project_Template_Anarchy\Obj\win32_vs2010_anarchy\debug_dll\DX9\GamePlugin\CL.18740.read.1.tlog
C:\Users\Katie\KatieOSullivanFYP\WindowsDemo\Project_Template_Anarchy\Obj\win32_vs2010_anarchy\debug_dll\DX9\GamePlugin\CL.18740.write.1.tlog
C:\Users\Katie\KatieOSullivanFYP\WindowsDemo\Project_Template_Anarchy\Obj\win32_vs2010_anarchy\debug_dll\DX9\GamePlugin\CL.18744.read.1.tlog
C:\Users\Katie\KatieOSullivanFYP\WindowsDemo\Project_Template_Anarchy\Obj\win32_vs2010_anarchy\debug_dll\DX9\GamePlugin\CL.18744.write.1.tlog
C:\Users\Katie\KatieOSullivanFYP\WindowsDemo\Project_Template_Anarchy\Obj\win32_vs2010_anarchy\debug_dll\DX9\GamePlugin\CL.18796.read.1.tlog
C:\Users\Katie\KatieOSullivanFYP\WindowsDemo\Project_Template_Anarchy\Obj\win32_vs2010_anarchy\debug_dll\DX9\GamePlugin\CL.18796.write.1.tlog
C:\Users\Katie\KatieOSullivanFYP\WindowsDemo\Project_Template_Anarchy\Obj\win32_vs2010_anarchy\debug_dll\DX9\GamePlugin\CL.18860.read.1.tlog
C:\Users\Katie\KatieOSullivanFYP\WindowsDemo\Project_Template_Anarchy\Obj\win32_vs2010_anarchy\debug_dll\DX9\GamePlugin\CL.18860.write.1.tlog
C:\Users\Katie\KatieOSullivanFYP\WindowsDemo\Project_Template_Anarchy\Obj\win32_vs2010_anarchy\debug_dll\DX9\GamePlugin\CL.18868.read.1.tlog
C:\Users\Katie\KatieOSullivanFYP\WindowsDemo\Project_Template_Anarchy\Obj\win32_vs2010_anarchy\debug_dll\DX9\GamePlugin\CL.18868.write.1.tlog
C:\Users\Katie\KatieOSullivanFYP\WindowsDemo\Project_Template_Anarchy\Obj\win32_vs2010_anarchy\debug_dll\DX9\GamePlugin\CL.18884.read.1.tlog
C:\Users\Katie\KatieOSullivanFYP\WindowsDemo\Project_Template_Anarchy\Obj\win32_vs2010_anarchy\debug_dll\DX9\GamePlugin\CL.18884.write.1.tlog
C:\Users\Katie\KatieOSullivanFYP\WindowsDemo\Project_Template_Anarchy\Obj\win32_vs2010_anarchy\debug_dll\DX9\GamePlugin\CL.18940.read.1.tlog
C:\Users\Katie\KatieOSullivanFYP\WindowsDemo\Project_Template_Anarchy\Obj\win32_vs2010_anarchy\debug_dll\DX9\GamePlugin\CL.18940.write.1.tlog
C:\Users\Katie\KatieOSullivanFYP\WindowsDemo\Project_Template_Anarchy\Obj\win32_vs2010_anarchy\debug_dll\DX9\GamePlugin\CL.18948.read.1.tlog
C:\Users\Katie\KatieOSullivanFYP\WindowsDemo\Project_Template_Anarchy\Obj\win32_vs2010_anarchy\debug_dll\DX9\GamePlugin\CL.18948.write.1.tlog
C:\Users\Katie\KatieOSullivanFYP\WindowsDemo\Project_Template_Anarchy\Obj\win32_vs2010_anarchy\debug_dll\DX9\GamePlugin\CL.18996.read.1.tlog
C:\Users\Katie\KatieOSullivanFYP\WindowsDemo\Project_Template_Anarchy\Obj\win32_vs2010_anarchy\debug_dll\DX9\GamePlugin\CL.18996.write.1.tlog
C:\Users\Katie\KatieOSullivanFYP\WindowsDemo\Project_Template_Anarchy\Obj\win32_vs2010_anarchy\debug_dll\DX9\GamePlugin\CL.19056.read.1.tlog
C:\Users\Katie\KatieOSullivanFYP\WindowsDemo\Project_Template_Anarchy\Obj\win32_vs2010_anarchy\debug_dll\DX9\GamePlugin\CL.19056.write.1.tlog
C:\Users\Katie\KatieOSullivanFYP\WindowsDemo\Project_Template_Anarchy\Obj\win32_vs2010_anarchy\debug_dll\DX9\GamePlugin\CL.19084.read.1.tlog
C:\Users\Katie\KatieOSullivanFYP\WindowsDemo\Project_Template_Anarchy\Obj\win32_vs2010_anarchy\debug_dll\DX9\GamePlugin\CL.19084.write.1.tlog
C:\Users\Katie\KatieOSullivanFYP\WindowsDemo\Project_Template_Anarchy\Obj\win32_vs2010_anarchy\debug_dll\DX9\GamePlugin\CL.19164.read.1.tlog
C:\Users\Katie\KatieOSullivanFYP\WindowsDemo\Project_Template_Anarchy\Obj\win32_vs2010_anarchy\debug_dll\DX9\GamePlugin\CL.19164.write.1.tlog
C:\Users\Katie\KatieOSullivanFYP\WindowsDemo\Project_Template_Anarchy\Obj\win32_vs2010_anarchy\debug_dll\DX9\GamePlugin\CL.19200.read.1.tlog
C:\Users\Katie\KatieOSullivanFYP\WindowsDemo\Project_Template_Anarchy\Obj\win32_vs2010_anarchy\debug_dll\DX9\GamePlugin\CL.19200.write.1.tlog
C:\Users\Katie\KatieOSullivanFYP\WindowsDemo\Project_Template_Anarchy\Obj\win32_vs2010_anarchy\debug_dll\DX9\GamePlugin\CL.19320.read.1.tlog
C:\Users\Katie\KatieOSullivanFYP\WindowsDemo\Project_Template_Anarchy\Obj\win32_vs2010_anarchy\debug_dll\DX9\GamePlugin\CL.19320.write.1.tlog
C:\Users\Katie\KatieOSullivanFYP\WindowsDemo\Project_Template_Anarchy\Obj\win32_vs2010_anarchy\debug_dll\DX9\GamePlugin\CL.19408.read.1.tlog
C:\Users\Katie\KatieOSullivanFYP\WindowsDemo\Project_Template_Anarchy\Obj\win32_vs2010_anarchy\debug_dll\DX9\GamePlugin\CL.19408.write.1.tlog
C:\Users\Katie\KatieOSullivanFYP\WindowsDemo\Project_Template_Anarchy\Obj\win32_vs2010_anarchy\debug_dll\DX9\GamePlugin\CL.19416.read.1.tlog
C:\Users\Katie\KatieOSullivanFYP\WindowsDemo\Project_Template_Anarchy\Obj\win32_vs2010_anarchy\debug_dll\DX9\GamePlugin\CL.19416.write.1.tlog
C:\Users\Katie\KatieOSullivanFYP\WindowsDemo\Project_Template_Anarchy\Obj\win32_vs2010_anarchy\debug_dll\DX9\GamePlugin\CL.19424.read.1.tlog
C:\Users\Katie\KatieOSullivanFYP\WindowsDemo\Project_Template_Anarchy\Obj\win32_vs2010_anarchy\debug_dll\DX9\GamePlugin\CL.19424.write.1.tlog
C:\Users\Katie\KatieOSullivanFYP\WindowsDemo\Project_Template_Anarchy\Obj\win32_vs2010_anarchy\debug_dll\DX9\GamePlugin\CL.19528.read.1.tlog
C:\Users\Katie\KatieOSullivanFYP\WindowsDemo\Project_Template_Anarchy\Obj\win32_vs2010_anarchy\debug_dll\DX9\GamePlugin\CL.19528.write.1.tlog
C:\Users\Katie\KatieOSullivanFYP\WindowsDemo\Project_Template_Anarchy\Obj\win32_vs2010_anarchy\debug_dll\DX9\GamePlugin\CL.19616.read.1.tlog
C:\Users\Katie\KatieOSullivanFYP\WindowsDemo\Project_Template_Anarchy\Obj\win32_vs2010_anarchy\debug_dll\DX9\GamePlugin\CL.19616.write.1.tlog
C:\Users\Katie\KatieOSullivanFYP\WindowsDemo\Project_Template_Anarchy\Obj\win32_vs2010_anarchy\debug_dll\DX9\GamePlugin\CL.19804.read.1.tlog
C:\Users\Katie\KatieOSullivanFYP\WindowsDemo\Project_Template_Anarchy\Obj\win32_vs2010_anarchy\debug_dll\DX9\GamePlugin\CL.19804.write.1.tlog
C:\Users\Katie\KatieOSullivanFYP\WindowsDemo\Project_Template_Anarchy\Obj\win32_vs2010_anarchy\debug_dll\DX9\GamePlugin\CL.19920.read.1.tlog
C:\Users\Katie\KatieOSullivanFYP\WindowsDemo\Project_Template_Anarchy\Obj\win32_vs2010_anarchy\debug_dll\DX9\GamePlugin\CL.19920.write.1.tlog
C:\Users\Katie\KatieOSullivanFYP\WindowsDemo\Project_Template_Anarchy\Obj\win32_vs2010_anarchy\debug_dll\DX9\GamePlugin\CL.20032.read.1.tlog
C:\Users\Katie\KatieOSullivanFYP\WindowsDemo\Project_Template_Anarchy\Obj\win32_vs2010_anarchy\debug_dll\DX9\GamePlugin\CL.20032.write.1.tlog
C:\Users\Katie\KatieOSullivanFYP\WindowsDemo\Project_Template_Anarchy\Obj\win32_vs2010_anarchy\debug_dll\DX9\GamePlugin\CL.20040.read.1.tlog
C:\Users\Katie\KatieOSullivanFYP\WindowsDemo\Project_Template_Anarchy\Obj\win32_vs2010_anarchy\debug_dll\DX9\GamePlugin\CL.20040.write.1.tlog
C:\Users\Katie\KatieOSullivanFYP\WindowsDemo\Project_Template_Anarchy\Obj\win32_vs2010_anarchy\debug_dll\DX9\GamePlugin\CL.20052.read.1.tlog
C:\Users\Katie\KatieOSullivanFYP\WindowsDemo\Project_Template_Anarchy\Obj\win32_vs2010_anarchy\debug_dll\DX9\GamePlugin\CL.20052.write.1.tlog
C:\Users\Katie\KatieOSullivanFYP\WindowsDemo\Project_Template_Anarchy\Obj\win32_vs2010_anarchy\debug_dll\DX9\GamePlugin\CL.20120.read.1.tlog
C:\Users\Katie\KatieOSullivanFYP\WindowsDemo\Project_Template_Anarchy\Obj\win32_vs2010_anarchy\debug_dll\DX9\GamePlugin\CL.20120.write.1.tlog
C:\Users\Katie\KatieOSullivanFYP\WindowsDemo\Project_Template_Anarchy\Obj\win32_vs2010_anarchy\debug_dll\DX9\GamePlugin\CL.20144.read.1.tlog
C:\Users\Katie\KatieOSullivanFYP\WindowsDemo\Project_Template_Anarchy\Obj\win32_vs2010_anarchy\debug_dll\DX9\GamePlugin\CL.20144.write.1.tlog
C:\Users\Katie\KatieOSullivanFYP\WindowsDemo\Project_Template_Anarchy\Obj\win32_vs2010_anarchy\debug_dll\DX9\GamePlugin\CL.20356.read.1.tlog
C:\Users\Katie\KatieOSullivanFYP\WindowsDemo\Project_Template_Anarchy\Obj\win32_vs2010_anarchy\debug_dll\DX9\GamePlugin\CL.20356.write.1.tlog
C:\Users\Katie\KatieOSullivanFYP\WindowsDemo\Project_Template_Anarchy\Obj\win32_vs2010_anarchy\debug_dll\DX9\GamePlugin\CL.20364.read.1.tlog
C:\Users\Katie\KatieOSullivanFYP\WindowsDemo\Project_Template_Anarchy\Obj\win32_vs2010_anarchy\debug_dll\DX9\GamePlugin\CL.20364.write.1.tlog
C:\Users\Katie\KatieOSullivanFYP\WindowsDemo\Project_Template_Anarchy\Obj\win32_vs2010_anarchy\debug_dll\DX9\GamePlugin\CL.20372.read.1.tlog
C:\Users\Katie\KatieOSullivanFYP\WindowsDemo\Project_Template_Anarchy\Obj\win32_vs2010_anarchy\debug_dll\DX9\GamePlugin\CL.20372.write.1.tlog
C:\Users\Katie\KatieOSullivanFYP\WindowsDemo\Project_Template_Anarchy\Obj\win32_vs2010_anarchy\debug_dll\DX9\GamePlugin\CL.20380.read.1.tlog
C:\Users\Katie\KatieOSullivanFYP\WindowsDemo\Project_Template_Anarchy\Obj\win32_vs2010_anarchy\debug_dll\DX9\GamePlugin\CL.20380.write.1.tlog
C:\Users\Katie\KatieOSullivanFYP\WindowsDemo\Project_Template_Anarchy\Obj\win32_vs2010_anarchy\debug_dll\DX9\GamePlugin\CL.20388.read.1.tlog
C:\Users\Katie\KatieOSullivanFYP\WindowsDemo\Project_Template_Anarchy\Obj\win32_vs2010_anarchy\debug_dll\DX9\GamePlugin\CL.20388.write.1.tlog
C:\Users\Katie\KatieOSullivanFYP\WindowsDemo\Project_Template_Anarchy\Obj\win32_vs2010_anarchy\debug_dll\DX9\GamePlugin\CL.20420.read.1.tlog
C:\Users\Katie\KatieOSullivanFYP\WindowsDemo\Project_Template_Anarchy\Obj\win32_vs2010_anarchy\debug_dll\DX9\GamePlugin\CL.20420.write.1.tlog
C:\Users\Katie\KatieOSullivanFYP\WindowsDemo\Project_Template_Anarchy\Obj\win32_vs2010_anarchy\debug_dll\DX9\GamePlugin\CL.21280.read.1.tlog
C:\Users\Katie\KatieOSullivanFYP\WindowsDemo\Project_Template_Anarchy\Obj\win32_vs2010_anarchy\debug_dll\DX9\GamePlugin\CL.21280.write.1.tlog
C:\Users\Katie\KatieOSullivanFYP\WindowsDemo\Project_Template_Anarchy\Obj\win32_vs2010_anarchy\debug_dll\DX9\GamePlugin\CL.21320.read.1.tlog
C:\Users\Katie\KatieOSullivanFYP\WindowsDemo\Project_Template_Anarchy\Obj\win32_vs2010_anarchy\debug_dll\DX9\GamePlugin\CL.21320.write.1.tlog
C:\Users\Katie\KatieOSullivanFYP\WindowsDemo\Project_Template_Anarchy\Obj\win32_vs2010_anarchy\debug_dll\DX9\GamePlugin\CL.21420.read.1.tlog
C:\Users\Katie\KatieOSullivanFYP\WindowsDemo\Project_Template_Anarchy\Obj\win32_vs2010_anarchy\debug_dll\DX9\GamePlugin\CL.21420.write.1.tlog
C:\Users\Katie\KatieOSullivanFYP\WindowsDemo\Project_Template_Anarchy\Obj\win32_vs2010_anarchy\debug_dll\DX9\GamePlugin\CL.21444.read.1.tlog
C:\Users\Katie\KatieOSullivanFYP\WindowsDemo\Project_Template_Anarchy\Obj\win32_vs2010_anarchy\debug_dll\DX9\GamePlugin\CL.21444.write.1.tlog
C:\Users\Katie\KatieOSullivanFYP\WindowsDemo\Project_Template_Anarchy\Obj\win32_vs2010_anarchy\debug_dll\DX9\GamePlugin\CL.8804.read.1.tlog
C:\Users\Katie\KatieOSullivanFYP\WindowsDemo\Project_Template_Anarchy\Obj\win32_vs2010_anarchy\debug_dll\DX9\GamePlugin\CL.8804.write.1.tlog
C:\Users\Katie\KatieOSullivanFYP\WindowsDemo\Project_Template_Anarchy\Obj\win32_vs2010_anarchy\debug_dll\DX9\GamePlugin\cl.command.1.tlog
C:\Users\Katie\KatieOSullivanFYP\WindowsDemo\Project_Template_Anarchy\Obj\win32_vs2010_anarchy\debug_dll\DX9\GamePlugin\CL.read.1.tlog
C:\Users\Katie\KatieOSullivanFYP\WindowsDemo\Project_Template_Anarchy\Obj\win32_vs2010_anarchy\debug_dll\DX9\GamePlugin\CL.write.1.tlog
C:\USERS\KATIE\KATIEOSULLIVANFYP\WINDOWSDEMO\PROJECT_TEMPLATE_ANARCHY\OBJ\WIN32_VS2010_ANARCHY\DEBUG_DLL\DX9\GAMEPLUGIN\COMPONENTMANAGER.OBJ
C:\USERS\KATIE\KATIEOSULLIVANFYP\WINDOWSDEMO\PROJECT_TEMPLATE_ANARCHY\OBJ\WIN32_VS2010_ANARCHY\DEBUG_DLL\DX9\GAMEPLUGIN\CRATE.OBJ
C:\USERS\KATIE\KATIEOSULLIVANFYP\WINDOWSDEMO\PROJECT_TEMPLATE_ANARCHY\OBJ\WIN32_VS2010_ANARCHY\DEBUG_DLL\DX9\GAMEPLUGIN\DOOR.OBJ
C:\USERS\KATIE\KATIEOSULLIVANFYP\WINDOWSDEMO\PROJECT_TEMPLATE_ANARCHY\OBJ\WIN32_VS2010_ANARCHY\DEBUG_DLL\DX9\GAMEPLUGIN\GAMEMANAGER.OBJ
C:\Users\Katie\KatieOSullivanFYP\WindowsDemo\Project_Template_Anarchy\Obj\win32_vs2010_anarchy\debug_dll\DX9\GamePlugin\GamePlugin100.write.1.tlog
C:\USERS\KATIE\KATIEOSULLIVANFYP\WINDOWSDEMO\PROJECT_TEMPLATE_ANARCHY\OBJ\WIN32_VS2010_ANARCHY\DEBUG_DLL\DX9\GAMEPLUGIN\GAMEPLUGINPCH.OBJ
C:\USERS\KATIE\KATIEOSULLIVANFYP\WINDOWSDEMO\PROJECT_TEMPLATE_ANARCHY\OBJ\WIN32_VS2010_ANARCHY\DEBUG_DLL\DX9\GAMEPLUGIN\GAMEPLUGINPCH.PCH
C:\USERS\KATIE\KATIEOSULLIVANFYP\WINDOWSDEMO\PROJECT_TEMPLATE_ANARCHY\OBJ\WIN32_VS2010_ANARCHY\DEBUG_DLL\DX9\GAMEPLUGIN\INVENTORY.OBJ
C:\USERS\KATIE\KATIEOSULLIVANFYP\WINDOWSDEMO\PROJECT_TEMPLATE_ANARCHY\OBJ\WIN32_VS2010_ANARCHY\DEBUG_DLL\DX9\GAMEPLUGIN\INVENTORYPICKUP.OBJ
C:\Users\Katie\KatieOSullivanFYP\WindowsDemo\Project_Template_Anarchy\Obj\win32_vs2010_anarchy\debug_dll\DX9\GamePlugin\link.command.1.tlog
C:\Users\Katie\KatieOSullivanFYP\WindowsDemo\Project_Template_Anarchy\Obj\win32_vs2010_anarchy\debug_dll\DX9\GamePlugin\link.read.1.tlog
C:\Users\Katie\KatieOSullivanFYP\WindowsDemo\Project_Template_Anarchy\Obj\win32_vs2010_anarchy\debug_dll\DX9\GamePlugin\link.write.1.tlog
C:\USERS\KATIE\KATIEOSULLIVANFYP\WINDOWSDEMO\PROJECT_TEMPLATE_ANARCHY\OBJ\WIN32_VS2010_ANARCHY\DEBUG_DLL\DX9\GAMEPLUGIN\MANIFEST.VPLUGIND.INTERMEDIATE.MANIFEST
C:\Users\Katie\KatieOSullivanFYP\WindowsDemo\Project_Template_Anarchy\Obj\win32_vs2010_anarchy\debug_dll\DX9\GamePlugin\mt.command.1.tlog
C:\Users\Katie\KatieOSullivanFYP\WindowsDemo\Project_Template_Anarchy\Obj\win32_vs2010_anarchy\debug_dll\DX9\GamePlugin\mt.read.1.tlog
C:\Users\Katie\KatieOSullivanFYP\WindowsDemo\Project_Template_Anarchy\Obj\win32_vs2010_anarchy\debug_dll\DX9\GamePlugin\mt.write.1.tlog
C:\USERS\KATIE\KATIEOSULLIVANFYP\WINDOWSDEMO\PROJECT_TEMPLATE_ANARCHY\OBJ\WIN32_VS2010_ANARCHY\DEBUG_DLL\DX9\GAMEPLUGIN\MYCOMPONENT.OBJ
C:\USERS\KATIE\KATIEOSULLIVANFYP\WINDOWSDEMO\PROJECT_TEMPLATE_ANARCHY\OBJ\WIN32_VS2010_ANARCHY\DEBUG_DLL\DX9\GAMEPLUGIN\PICKUP.OBJ
C:\USERS\KATIE\KATIEOSULLIVANFYP\WINDOWSDEMO\PROJECT_TEMPLATE_ANARCHY\OBJ\WIN32_VS2010_ANARCHY\DEBUG_DLL\DX9\GAMEPLUGIN\PLAYER.OBJ
C:\USERS\KATIE\KATIEOSULLIVANFYP\WINDOWSDEMO\PROJECT_TEMPLATE_ANARCHY\OBJ\WIN32_VS2010_ANARCHY\DEBUG_DLL\DX9\GAMEPLUGIN\PLAYERCONTROLCOMPONENT.OBJ
C:\USERS\KATIE\KATIEOSULLIVANFYP\WINDOWSDEMO\PROJECT_TEMPLATE_ANARCHY\OBJ\WIN32_VS2010_ANARCHY\DEBUG_DLL\DX9\GAMEPLUGIN\PLAYERDIALOG.OBJ
C:\USERS\KATIE\KATIEOSULLIVANFYP\WINDOWSDEMO\PROJECT_TEMPLATE_ANARCHY\OBJ\WIN32_VS2010_ANARCHY\DEBUG_DLL\DX9\GAMEPLUGIN\PLUGINMAIN.OBJ
C:\USERS\KATIE\KATIEOSULLIVANFYP\WINDOWSDEMO\PROJECT_TEMPLATE_ANARCHY\OBJ\WIN32_VS2010_ANARCHY\DEBUG_DLL\DX9\GAMEPLUGIN\SAVE.OBJ
C:\USERS\KATIE\KATIEOSULLIVANFYP\WINDOWSDEMO\PROJECT_TEMPLATE_ANARCHY\OBJ\WIN32_VS2010_ANARCHY\DEBUG_DLL\DX9\GAMEPLUGIN\TEMPLATEACTION.OBJ
C:\USERS\KATIE\KATIEOSULLIVANFYP\WINDOWSDEMO\PROJECT_TEMPLATE_ANARCHY\OBJ\WIN32_VS2010_ANARCHY\DEBUG_DLL\DX9\GAMEPLUGIN\VISIONHAVOKBEHAVIORWORLDLISTENER.OBJ
C:\USERS\KATIE\KATIEOSULLIVANFYP\WINDOWSDEMO\PROJECT_TEMPLATE_ANARCHY\OBJ\WIN32_VS2010_ANARCHY\DEBUG_DLL\DX9\GAMEPLUGIN\VISIONSERIALIZER.OBJ
C:\Users\Katie\KatieOSullivanFYP\WindowsDemo\Project_Template_Anarchy\Source\GamePlugin\..\..\Bin\win32_vs2010_anarchy\debug_dll\DX9\GamePlugin.vPluginD
