..\..\Bin\win32_vs2010_anarchy\debug_dll\DX9\ProjectTemplate.ilk
..\..\Bin\win32_vs2010_anarchy\debug_dll\DX9\ProjectTemplate.pdb
C:\USERS\KATIE\KATIEOSULLIVANFYP\WINDOWSDEMO\PROJECT_TEMPLATE_ANARCHY\BIN\WIN32_VS2010_ANARCHY\DEBUG_DLL\DX9\PROJECTTEMPLATE.EXE
C:\USERS\KATIE\KATIEOSULLIVANFYP\WINDOWSDEMO\PROJECT_TEMPLATE_ANARCHY\BIN\WIN32_VS2010_ANARCHY\DEBUG_DLL\DX9\PROJECTTEMPLATE.ILK
C:\USERS\KATIE\KATIEOSULLIVANFYP\WINDOWSDEMO\PROJECT_TEMPLATE_ANARCHY\BIN\WIN32_VS2010_ANARCHY\DEBUG_DLL\DX9\PROJECTTEMPLATE.PDB
C:\Users\Katie\KatieOSullivanFYP\WindowsDemo\Project_Template_Anarchy\Lib\win32_vs2010_anarchy\debug_dll\ProjectTemplateD.exp
C:\Users\Katie\KatieOSullivanFYP\WindowsDemo\Project_Template_Anarchy\Lib\win32_vs2010_anarchy\debug_dll\ProjectTemplateD.lib
C:\Users\Katie\KatieOSullivanFYP\WindowsDemo\Project_Template_Anarchy\Obj\win32_vs2010_anarchy\debug_dll\DX9\ProjectTemplate\cl.command.1.tlog
C:\Users\Katie\KatieOSullivanFYP\WindowsDemo\Project_Template_Anarchy\Obj\win32_vs2010_anarchy\debug_dll\DX9\ProjectTemplate\CL.read.1.tlog
C:\Users\Katie\KatieOSullivanFYP\WindowsDemo\Project_Template_Anarchy\Obj\win32_vs2010_anarchy\debug_dll\DX9\ProjectTemplate\CL.write.1.tlog
C:\USERS\KATIE\KATIEOSULLIVANFYP\WINDOWSDEMO\PROJECT_TEMPLATE_ANARCHY\OBJ\WIN32_VS2010_ANARCHY\DEBUG_DLL\DX9\PROJECTTEMPLATE\GAMEAPPLICATIONPCH.OBJ
C:\USERS\KATIE\KATIEOSULLIVANFYP\WINDOWSDEMO\PROJECT_TEMPLATE_ANARCHY\OBJ\WIN32_VS2010_ANARCHY\DEBUG_DLL\DX9\PROJECTTEMPLATE\GAMEAPPLICATIONPCH.PCH
C:\Users\Katie\KatieOSullivanFYP\WindowsDemo\Project_Template_Anarchy\Obj\win32_vs2010_anarchy\debug_dll\DX9\ProjectTemplate\link.command.1.tlog
C:\Users\Katie\KatieOSullivanFYP\WindowsDemo\Project_Template_Anarchy\Obj\win32_vs2010_anarchy\debug_dll\DX9\ProjectTemplate\link.read.1.tlog
C:\Users\Katie\KatieOSullivanFYP\WindowsDemo\Project_Template_Anarchy\Obj\win32_vs2010_anarchy\debug_dll\DX9\ProjectTemplate\link.write.1.tlog
C:\USERS\KATIE\KATIEOSULLIVANFYP\WINDOWSDEMO\PROJECT_TEMPLATE_ANARCHY\OBJ\WIN32_VS2010_ANARCHY\DEBUG_DLL\DX9\PROJECTTEMPLATE\MAIN.OBJ
C:\USERS\KATIE\KATIEOSULLIVANFYP\WINDOWSDEMO\PROJECT_TEMPLATE_ANARCHY\OBJ\WIN32_VS2010_ANARCHY\DEBUG_DLL\DX9\PROJECTTEMPLATE\MANIFEST.EXE.INTERMEDIATE.MANIFEST
C:\Users\Katie\KatieOSullivanFYP\WindowsDemo\Project_Template_Anarchy\Obj\win32_vs2010_anarchy\debug_dll\DX9\ProjectTemplate\mt.command.1.tlog
C:\Users\Katie\KatieOSullivanFYP\WindowsDemo\Project_Template_Anarchy\Obj\win32_vs2010_anarchy\debug_dll\DX9\ProjectTemplate\mt.read.1.tlog
C:\Users\Katie\KatieOSullivanFYP\WindowsDemo\Project_Template_Anarchy\Obj\win32_vs2010_anarchy\debug_dll\DX9\ProjectTemplate\mt.write.1.tlog
C:\Users\Katie\KatieOSullivanFYP\WindowsDemo\Project_Template_Anarchy\Obj\win32_vs2010_anarchy\debug_dll\DX9\ProjectTemplate\ProjectTemplate.write.1.tlog
C:\Users\Katie\KatieOSullivanFYP\WindowsDemo\Project_Template_Anarchy\Source\GameApplication\..\..\Bin\win32_vs2010_anarchy\debug_dll\DX9\ProjectTemplate.exe
