Build started 30/04/2014 21:31:44.
     1>Project "C:\Users\lab422\KatieOSullivanFYP\WindowsDemo\Project_Template_Anarchy\Source\GameApplication\ProjectTemplateDX9_win32_vs2010.vcxproj" on node 2 (build target(s)).
     1>InitializeBuildStatus:
         Creating "..\..\Obj\win32_vs2010_anarchy\debug_dll\DX9\ProjectTemplate\ProjectTemplate.unsuccessfulbuild" because "AlwaysCreate" was specified.
       ClCompile:
         All outputs are up-to-date.
         All outputs are up-to-date.
       Link:
         All outputs are up-to-date.
         ProjectTemplateDX9_win32_vs2010.vcxproj -> C:\Users\lab422\KatieOSullivanFYP\WindowsDemo\Project_Template_Anarchy\Source\GameApplication\..\..\Bin\win32_vs2010_anarchy\debug_dll\DX9\ProjectTemplate.exe
       PostBuildEvent:
         xcopy /Y /D /C "C:\Havok2.5\AnarchySDK\Bin\win32_vs2010_anarchy\debug_dll\DX9\fmodexL.dll" "C:\Users\lab422\KatieOSullivanFYP\WindowsDemo\Project_Template_Anarchy\Bin\win32_vs2010_anarchy\debug_dll\DX9\"
         xcopy /Y /D /C "C:\Havok2.5\AnarchySDK\Bin\win32_vs2010_anarchy\debug_dll\DX9\fmod_event_netL.dll" "C:\Users\lab422\KatieOSullivanFYP\WindowsDemo\Project_Template_Anarchy\Bin\win32_vs2010_anarchy\debug_dll\DX9\"
         xcopy /Y /D /C "C:\Havok2.5\AnarchySDK\Bin\win32_vs2010_anarchy\debug_dll\DX9\lua100D.dll" "C:\Users\lab422\KatieOSullivanFYP\WindowsDemo\Project_Template_Anarchy\Bin\win32_vs2010_anarchy\debug_dll\DX9\"
         xcopy /Y /D /C "C:\Havok2.5\AnarchySDK\Bin\win32_vs2010_anarchy\debug_dll\DX9\vHavok.vPluginD" "C:\Users\lab422\KatieOSullivanFYP\WindowsDemo\Project_Template_Anarchy\Bin\win32_vs2010_anarchy\debug_dll\DX9\"
         xcopy /Y /D /C "C:\Havok2.5\AnarchySDK\Bin\win32_vs2010_anarchy\debug_dll\DX9\VisionEnginePlugin.vPluginD" "C:\Users\lab422\KatieOSullivanFYP\WindowsDemo\Project_Template_Anarchy\Bin\win32_vs2010_anarchy\debug_dll\DX9\"
         xcopy /Y /D /C "C:\Havok2.5\AnarchySDK\Bin\win32_vs2010_anarchy\debug_dll\DX9\vFmodEnginePlugin.vPluginD" "C:\Users\lab422\KatieOSullivanFYP\WindowsDemo\Project_Template_Anarchy\Bin\win32_vs2010_anarchy\debug_dll\DX9\"
         xcopy /Y /D /C "C:\Havok2.5\AnarchySDK\Bin\win32_vs2010_anarchy\debug_dll\DX9\BaseD.dll" "C:\Users\lab422\KatieOSullivanFYP\WindowsDemo\Project_Template_Anarchy\Bin\win32_vs2010_anarchy\debug_dll\DX9\"
         xcopy /Y /D /C "C:\Havok2.5\AnarchySDK\Bin\win32_vs2010_anarchy\debug_dll\DX9\BaseUID.dll" "C:\Users\lab422\KatieOSullivanFYP\WindowsDemo\Project_Template_Anarchy\Bin\win32_vs2010_anarchy\debug_dll\DX9\"
         xcopy /Y /D /C "C:\Havok2.5\AnarchySDK\Bin\win32_vs2010_anarchy\debug_dll\DX9\VisionD.dll" "C:\Users\lab422\KatieOSullivanFYP\WindowsDemo\Project_Template_Anarchy\Bin\win32_vs2010_anarchy\debug_dll\DX9\"
         xcopy /Y /D /C "C:\Havok2.5\AnarchySDK\Bin\win32_vs2010_anarchy\debug_dll\DX9\vHavokAi.vPluginD" "C:\Users\lab422\KatieOSullivanFYP\WindowsDemo\Project_Template_Anarchy\Bin\win32_vs2010_anarchy\debug_dll\DX9\"
         xcopy /Y /D /C "C:\Havok2.5\AnarchySDK\Bin\win32_vs2010_anarchy\debug_dll\DX9\vHavokBehavior.vPluginD" "C:\Users\lab422\KatieOSullivanFYP\WindowsDemo\Project_Template_Anarchy\Bin\win32_vs2010_anarchy\debug_dll\DX9\"
         xcopy /Y /D /C "C:\Havok2.5\AnarchySDK\Bin\win32_vs2010_anarchy\debug_dll\DX9\vScaleformPlugin.vPluginD" "C:\Users\lab422\KatieOSullivanFYP\WindowsDemo\Project_Template_Anarchy\Bin\win32_vs2010_anarchy\debug_dll\DX9\"
         
         :VCEnd
         0 File(s) copied
         0 File(s) copied
         0 File(s) copied
         0 File(s) copied
         0 File(s) copied
         0 File(s) copied
         0 File(s) copied
         0 File(s) copied
         0 File(s) copied
         0 File(s) copied
         0 File(s) copied
         0 File(s) copied
       FinalizeBuildStatus:
         Deleting file "..\..\Obj\win32_vs2010_anarchy\debug_dll\DX9\ProjectTemplate\ProjectTemplate.unsuccessfulbuild".
         Touching "..\..\Obj\win32_vs2010_anarchy\debug_dll\DX9\ProjectTemplate\ProjectTemplate.lastbuildstate".
     1>Done Building Project "C:\Users\lab422\KatieOSullivanFYP\WindowsDemo\Project_Template_Anarchy\Source\GameApplication\ProjectTemplateDX9_win32_vs2010.vcxproj" (build target(s)).

Build succeeded.

Time Elapsed 00:00:00.23
